{
  "stats": {
    "suites": 1,
    "tests": 1,
    "passes": 0,
    "pending": 0,
    "failures": 1,
    "start": "2021-05-27T22:42:15.809Z",
    "end": "2021-05-27T22:42:16.657Z",
    "duration": 848,
    "testsRegistered": 1,
    "passPercent": 0,
    "pendingPercent": 0,
    "other": 0,
    "hasOther": false,
    "skipped": 0,
    "hasSkipped": false
  },
  "results": [
    {
      "uuid": "735ebdc4-8d61-436c-87f1-e76f3453c744",
      "title": "",
      "fullFile": "cypress/integration/articles.spec.js",
      "file": "cypress/integration/articles.spec.js",
      "beforeHooks": [],
      "afterHooks": [],
      "tests": [],
      "suites": [
        {
          "uuid": "2b04d546-4e84-48e6-8065-5890aefb1acc",
          "title": "Artigos",
          "fullFile": "",
          "file": "",
          "beforeHooks": [],
          "afterHooks": [],
          "tests": [
            {
              "title": "criar um novo artigo",
              "fullTitle": "Artigos criar um novo artigo",
              "timedOut": null,
              "duration": 747,
              "state": "failed",
              "speed": null,
              "pass": false,
              "fail": true,
              "pending": false,
              "context": null,
              "code": "cy.login();\ncy.get('a[href$=editor]').click();\ncy.get('input[placeholder=\"Article title\"]').type('Tests');\ncy.get('input[placeholder=\"What is this article about?\"]').type('Testing cypress');\ncy.get('form textarea').type('Test test e tests');\ncy.get('input[placeholder=\"Enter tags\"]').type('Tests');\ncy.get('button.btn-primary').contains('Publish article').click();\ncy.get('h1').should('contain.text', 'Tests');\n/* ==== End Cypress Studio ==== */",
              "err": {
                "message": "ReferenceError: first is not defined",
                "estack": "ReferenceError: first is not defined\n    at Context.eval (https://purescript-react-realworld.netlify.app/__cypress/tests?p=cypress\\support\\index.js:152:3)",
                "diff": null
              },
              "uuid": "259428ef-d071-4fa2-ae31-db74de1819a7",
              "parentUUID": "2b04d546-4e84-48e6-8065-5890aefb1acc",
              "isHook": false,
              "skipped": false
            }
          ],
          "suites": [],
          "passes": [],
          "failures": [
            "259428ef-d071-4fa2-ae31-db74de1819a7"
          ],
          "pending": [],
          "skipped": [],
          "duration": 747,
          "root": false,
          "rootEmpty": false,
          "_timeout": 2000
        }
      ],
      "passes": [],
      "failures": [],
      "pending": [],
      "skipped": [],
      "duration": 0,
      "root": true,
      "rootEmpty": true,
      "_timeout": 2000
    }
  ],
  "meta": {
    "mocha": {
      "version": "7.0.1"
    },
    "mochawesome": {
      "options": {
        "quiet": true,
        "reportFilename": "mochawesome",
        "saveHtml": false,
        "saveJson": true,
        "consoleReporter": "spec",
        "useInlineDiffs": false,
        "code": true
      },
      "version": "6.2.2"
    },
    "marge": {
      "options": {
        "id": "default",
        "reportDir": "mochawesome-report",
        "quiet": true,
        "overwrite": false,
        "html": false,
        "json": true
      },
      "version": "5.2.0"
    }
  }
}